Ready!
Canvas launched!
[ '---eee' ]
[]
[
  '---!say', '---!say',
  '---!say', '---!say',
  '---!say', '---!say',
  '---!say', '---!say',
  '---!say', '---!say',
  '---!say', '---!say',
  '---!say', '---!say',
  'lol'
]
[
  '---!say', '---!say',
  '---!say', '---!say',
  '---!say', '---!say',
  '---!say', '---!say',
  '---!say', '---!say',
  '---!say', '---!say',
  '---!say', 'lol'
]
[
  '---!say', '---!say',
  '---!say', '---!say',
  '---!say', '---!say',
  '---!say', '---!say',
  '---!say', '---!say',
  '---!say', '---!say',
  '---!say', 'lol'
]
[
  '---!say', '---!say',
  '---!say', '---!say',
  '---!say', '---!say',
  '---!say', '---!say',
  '---!say', '---!say',
  '---!say', '---!say',
  'lol'
]
[
  '---!say', '---!say',
  '---!say', '---!say',
  '---!say', '---!say',
  '---!say', '---!say',
  '---!say', '---!say',
  '---!say', '---!say',
  'lol'
]
[
  '---!say', '---!say',
  '---!say', '---!say',
  '---!say', '---!say',
  '---!say', '---!say',
  '---!say', '---!say',
  '---!say', 'lol'
]
[
  '---!say', '---!say',
  '---!say', '---!say',
  '---!say', '---!say',
  '---!say', '---!say',
  '---!say', '---!say',
  '---!say', 'lol'
]
[
  '---!say', '---!say',
  '---!say', '---!say',
  '---!say', '---!say',
  '---!say', '---!say',
  '---!say', '---!say',
  'lol'
]
[
  '---!say', '---!say',
  '---!say', '---!say',
  '---!say', '---!say',
  '---!say', '---!say',
  '---!say', '---!say',
  'lol'
]
[
  '---!say', '---!say',
  '---!say', '---!say',
  '---!say', '---!say',
  '---!say', '---!say',
  '---!say', 'lol'
]
[
  '---!say', '---!say',
  '---!say', '---!say',
  '---!say', '---!say',
  '---!say', '---!say',
  '---!say', 'lol'
]
[
  '---!say', '---!say',
  '---!say', '---!say',
  '---!say', '---!say',
  '---!say', '---!say',
  'lol'
]
[
  '---!say', '---!say',
  '---!say', '---!say',
  '---!say', '---!say',
  '---!say', '---!say',
  'lol'
]
[
  '---!say', '---!say',
  '---!say', '---!say',
  '---!say', '---!say',
  '---!say', 'lol'
]
[
  '---!say', '---!say',
  '---!say', '---!say',
  '---!say', '---!say',
  '---!say', 'lol'
]
[
  '---!say', '---!say',
  '---!say', '---!say',
  '---!say', '---!say',
  'lol'
]
[
  '---!say', '---!say',
  '---!say', '---!say',
  '---!say', '---!say',
  'lol'
]
[ '---!say', '---!say', '---!say', '---!say', '---!say', 'lol' ]
[ '---!say', '---!say', '---!say', '---!say', '---!say', 'lol' ]
[ '---!say', '---!say', '---!say', '---!say', 'lol' ]
[ '---!say', '---!say', '---!say', '---!say', 'lol' ]
[ '---!say', '---!say', '---!say', 'lol' ]
[ '---!say', '---!say', '---!say', 'lol' ]
[ '---!say', '---!say', 'lol' ]
[ '---!say', '---!say', 'lol' ]
[ '---!say', 'lol' ]
