Ready!
Canvas launched!
collected :<@!495631629922992141>
Bryan
collected :<@472119139708829725>
Animate Mania
collected :<@472119139708829725>
Animate Mania
collected :<@472119139708829725>
Animate Mania
collected :<@421883180027609088>
RyanDoesn'tAnimate
collected :<@472119139708829725>
Animate Mania
collected :<@739251643425620019>
UselessBot
collected :<@739251643425620019>
UselessBot
collected :<@495631629922992141>
Bryan
collected :<@!472119139708829725>
Animate Mania
collected :<@472119139708829725>
Animate Mania
collected :@everyone
collected :@everyone
