Ready!
Canvas launched!
297712970
Animate Mania has successfully shut down UselessBot. Their ID is 472119139708829725.
Restarting...
Ready!
Canvas launched!
DiscordAPIError: Cannot send messages to this user
Restarting...
Ready!
Canvas launched!
DiscordAPIError: Cannot send messages to this user
Restarting...
Ready!
Canvas launched!
collected :<@!722338201582174240>
remoteisawesome000YT
DiscordAPIError: Cannot send an empty message
Restarting...
Ready!
Canvas launched!
collected :<@!722338201582174240>
remoteisawesome000YT
collected :<@!722338201582174240>
remoteisawesome000YT
collected :<@!472119139708829725>
Animate Mania
collected :<@!472119139708829725>
Animate Mania
collected :cancel
collected :<@!739251643425620019>
UselessBot
collected :<@!739251643425620019>
UselessBot
collected :<@!739251643425620019>
UselessBot
collected :<@!722338201582174240>
remoteisawesome000YT
collected :<@!722338201582174240>
remoteisawesome000YT
collected :<@!472119139708829725>
Animate Mania
collected :<@!472119139708829725>
Animate Mania
collected :<@!722338201582174240>
remoteisawesome000YT
collected :<@!721096278636888084>
the random discord boi
collected :<@!660745314504015872>
Charlie96Pollo
Restarting...
Restarting...
Restarting...
Restarting...
Restarting...
Restarting...
Restarting...
Restarting...
Restarting...
Restarting...
Restarting...
Restarting...
Restarting...
Restarting...
Restarting...
Restarting...
Restarting...
Restarting...
Restarting...
Restarting...
Restarting...
Restarting...
Restarting...
Restarting...
Restarting...
Restarting...
Restarting...
Restarting...
Restarting...
Restarting...
Restarting...
Restarting...
Restarting...
Restarting...
Restarting...
Restarting...
Restarting...
Restarting...
Restarting...
Restarting...
Restarting...
Restarting...
Restarting...
Restarting...
Restarting...
Restarting...
Restarting...
Restarting...
Restarting...
Restarting...
Restarting...
Restarting...
Restarting...
Restarting...
Restarting...
Restarting...
Restarting...
Restarting...
Restarting...
Restarting...
Restarting...
Restarting...
Restarting...
Restarting...
Restarting...
Restarting...
Restarting...
Restarting...
Restarting...
Restarting...
Restarting...
Restarting...
Restarting...
Restarting...
Restarting...
Restarting...
Restarting...
Restarting...
Restarting...
Restarting...
Restarting...
Restarting...
