Ready!
Canvas launched!
[ '---aaaaa' ]
[]
[ '---no', 'u' ]
[ 'u' ]
[ '---YEEEE' ]
[]
[ '---', 'noob' ]
[ 'noob' ]
[ '---pancakes' ]
[]
[ '---hamburger,ham', 'burger', 'bur' ]
[ 'burger', 'bur' ]
[ '---noob', 'me', 'op' ]
[ 'me', 'op' ]
collected :<@!485512310786621440>
[ '---oh', 'my', 'god', 'wow' ]
[ 'my', 'god', 'wow' ]
[
  '---dude', 'why',
  'are',     'you',
  'making',  'me',
  'do',      'this'
]
[
  'why',  'are',
  'you',  'making',
  'me',   'do',
  'this'
]
[
  '---qwertyu캇opasdfghjkl힊izxcvbnm철챌zqawxscedrvftbnm캇철캇ko챌olp.힊휓체e캇pofhaeru캇fguoaeyfg캇ufgu캇yfgweuyhfgwuyfgeuyfgwaeuklfg'
]
[]
[
  "---We're",   'no',             'strangers',
  'to',         'love\nYou',      'know',
  'the',        'rules',          'and',
  'so',         'do',             'I\nA',
  'full',       "commitment's",   'what',
  "I'm",        'thinking',       'of\nYou',
  "wouldn't",   'get',            'this',
  'from',       'any',            'other',
  'guy\n\nI',   'just',           'want',
  'to',         'tell',           'you',
  'how',        "I'm",            'feeling\nGotta',
  'make',       'you',            'understand\n\nNever',
  'gonna',      'give',           'you',
  'up,',        'never',          'gonna',
  'let',        'you',            'down\nNever',
  'gonna',      'run',            'around',
  'and',        'desert',         'you\nNever',
  'gonna',      'make',           'you',
  'cry,',       'never',          'gonna',
  'say',        'goodbye\nNever', 'gonna',
  'tell',       'a',              'lie',
  'and',        'hurt',           "you\n\nWe've",
  'known',      'each',           'other',
  'for',        'so',             'long\nYour',
  "heart's",    'been',           'aching',
  'but',        "you're",         'too',
  'shy',        'to',             'say',
  'it\nInside', 'we',             'both',
  'know',       "what's",         'been',
  'going',      'on\nWe',         'know',
  'the',        'game',           'and',
  "we're",      'gonna',          'play',
  'it\n\nAnd',  'if',             'you',
  'ask',
  ... 167 more items
]
[
  'no',             'strangers',           'to',
  'love\nYou',      'know',                'the',
  'rules',          'and',                 'so',
  'do',             'I\nA',                'full',
  "commitment's",   'what',                "I'm",
  'thinking',       'of\nYou',             "wouldn't",
  'get',            'this',                'from',
  'any',            'other',               'guy\n\nI',
  'just',           'want',                'to',
  'tell',           'you',                 'how',
  "I'm",            'feeling\nGotta',      'make',
  'you',            'understand\n\nNever', 'gonna',
  'give',           'you',                 'up,',
  'never',          'gonna',               'let',
  'you',            'down\nNever',         'gonna',
  'run',            'around',              'and',
  'desert',         'you\nNever',          'gonna',
  'make',           'you',                 'cry,',
  'never',          'gonna',               'say',
  'goodbye\nNever', 'gonna',               'tell',
  'a',              'lie',                 'and',
  'hurt',           "you\n\nWe've",        'known',
  'each',           'other',               'for',
  'so',             'long\nYour',          "heart's",
  'been',           'aching',              'but',
  "you're",         'too',                 'shy',
  'to',             'say',                 'it\nInside',
  'we',             'both',                'know',
  "what's",         'been',                'going',
  'on\nWe',         'know',                'the',
  'game',           'and',                 "we're",
  'gonna',          'play',                'it\n\nAnd',
  'if',             'you',                 'ask',
  'me',
  ... 166 more items
]
[
  '---qwertyu캇op휓체asdfghjkl힊izxcvbnm철챌1234567890qwertyu캇op휓체asdfghjkl힊izxcvbnm철챌'
]
[]
[
  '---\n\n[Verse',
  '1:',
  'TryHardNinja]\nSo',
  'we',
  'back',
  'in',
  'the',
  'mine\nGot',
  'our',
  'pickaxe',
  'swinging',
  'from',
  'side',
  'to',
  'side\nSide-side',
  'to',
  'side\nThis',
  'task,',
  'a',
  'grueling',
  'one\nHope',
  'to',
  'find',
  'some',
  'diamonds',
  'tonight,',
  'night,',
  'night\nDiamonds',
  'tonight\n\n[Pre-Chorus:',
  'TryHardNinja]\nHeads',
  'up\nYou',
  'hear',
  'a',
  'sound,',
  'turn',
  'around',
  'and',
  'look',
  'up\nTotal',
  'shock',
  'fills',
  'your',
  'body\nOh,',
  'no,',
  "it's",
  'you',
  'again\nI',
  'can',
  'never',
  'forget',
  'those',
  'eyes,',
  'eyes,',
  'eyes\nEyes-eye-eyes\n\n[Chorus:',
  "TryHardNinja]\n'Cause,",
  'baby,',
  'tonight\nThe',
  "creeper's",
  'tryna',
  'steal',
  'all',
  'our',
  'stuff',
  "again\n'Cause,",
  'baby,',
  'tonight\nYou',
  'grab',
  'your',
  'pick,',
  'shovel,',
  'and',
  'bolt',
  'again',
  '(Bolt',
  'again-gain)\nAnd',
  'run,',
  'run',
  'until',
  "it's",
  'done,',
  'done\nUntil',
  'the',
  'sun',
  'comes',
  'up',
  'in',
  'the',
  "morn'\n'Cause,",
  'baby,',
  'tonight\nThe',
  "creeper's",
  'tryna',
  'steal',
  'all',
  'our',
  'stuff',
  'again',
  '(Stuff',
  'again-gain)'
]
[
  '1:',
  'TryHardNinja]\nSo',
  'we',
  'back',
  'in',
  'the',
  'mine\nGot',
  'our',
  'pickaxe',
  'swinging',
  'from',
  'side',
  'to',
  'side\nSide-side',
  'to',
  'side\nThis',
  'task,',
  'a',
  'grueling',
  'one\nHope',
  'to',
  'find',
  'some',
  'diamonds',
  'tonight,',
  'night,',
  'night\nDiamonds',
  'tonight\n\n[Pre-Chorus:',
  'TryHardNinja]\nHeads',
  'up\nYou',
  'hear',
  'a',
  'sound,',
  'turn',
  'around',
  'and',
  'look',
  'up\nTotal',
  'shock',
  'fills',
  'your',
  'body\nOh,',
  'no,',
  "it's",
  'you',
  'again\nI',
  'can',
  'never',
  'forget',
  'those',
  'eyes,',
  'eyes,',
  'eyes\nEyes-eye-eyes\n\n[Chorus:',
  "TryHardNinja]\n'Cause,",
  'baby,',
  'tonight\nThe',
  "creeper's",
  'tryna',
  'steal',
  'all',
  'our',
  'stuff',
  "again\n'Cause,",
  'baby,',
  'tonight\nYou',
  'grab',
  'your',
  'pick,',
  'shovel,',
  'and',
  'bolt',
  'again',
  '(Bolt',
  'again-gain)\nAnd',
  'run,',
  'run',
  'until',
  "it's",
  'done,',
  'done\nUntil',
  'the',
  'sun',
  'comes',
  'up',
  'in',
  'the',
  "morn'\n'Cause,",
  'baby,',
  'tonight\nThe',
  "creeper's",
  'tryna',
  'steal',
  'all',
  'our',
  'stuff',
  'again',
  '(Stuff',
  'again-gain)'
]
