Ready!
Canvas launched!
DiscordAPIError: Cannot send messages to this user
Restarting...
Ready!
Canvas launched!
https://cdn.discordapp.com/avatars/660745314504015872/aa9219145f6c070e293804e65a7d3611.webp
TypeError: Cannot read property 'title' of undefined
Restarting...
Ready!
Canvas launched!
https://cdn.discordapp.com/avatars/660745314504015872/aa9219145f6c070e293804e65a7d3611.webp
Restarting...
Restarting...
Restarting...
Restarting...
Restarting...
Restarting...
Restarting...
Restarting...
Restarting...
Restarting...
Restarting...
Restarting...
Restarting...
Restarting...
Restarting...
Restarting...
Restarting...
Restarting...
Restarting...
Restarting...
Restarting...
Restarting...
Restarting...
Restarting...
Restarting...
Restarting...
Restarting...
Restarting...
Restarting...
