Ready!
Canvas launched!
https://cdn.discordapp.com/avatars/472119139708829725/95d38dda77ed4639f71fa05f7c85f73d.webp
https://cdn.discordapp.com/avatars/472119139708829725/95d38dda77ed4639f71fa05f7c85f73d.webp
TypeError: Cannot read property 'title' of undefined
Restarting...
Ready!
Canvas launched!
https://cdn.discordapp.com/avatars/472119139708829725/95d38dda77ed4639f71fa05f7c85f73d.webp
Restarting...
Restarting...
Restarting...
Restarting...
Restarting...
Restarting...
Restarting...
Restarting...
Restarting...
Restarting...
Restarting...
