Ready!
Canvas launched!
RangeError: offset is out of bounds
Restarting...
Ready!
Canvas launched!
https://cdn.discordapp.com/avatars/472119139708829725/a_8c0f63472fd0288978c1afb4095611ee.webp
collected :<@!494947410540363776>
qayra
DiscordAPIError: Cannot send an empty message
Restarting...
Ready!
Canvas launched!
Restarting...
Restarting...
Restarting...
Restarting...
Restarting...
Restarting...
Restarting...
Restarting...
Restarting...
Restarting...
Restarting...
Restarting...
Restarting...
Restarting...
Restarting...
Restarting...
