Ready!
Canvas launched!
Activity set to Type !help for help.
{
  "url": "https://www.aa.com.tr/uploads/userFiles/07d86429-ca97-4d12-9851-e98b2e14f4d8/kedi2.jpg",
  "width": 5184,
  "height": 3456
}
{
  url: 'https://www.aa.com.tr/uploads/userFiles/07d86429-ca97-4d12-9851-e98b2e14f4d8/kedi2.jpg',
  width: 5184,
  height: 3456
}
{
  "url": "https://www.aa.com.tr/uploads/userFiles/07d86429-ca97-4d12-9851-e98b2e14f4d8/kedi2.jpg",
  "width": 5184,
  "height": 3456
}
{
  url: 'https://www.aa.com.tr/uploads/userFiles/07d86429-ca97-4d12-9851-e98b2e14f4d8/kedi2.jpg',
  width: 5184,
  height: 3456
}
https://cdn.discordapp.com/avatars/734842824163590206/f173e32ff9c8ffa95e5041d99998b98e.webp
https://cdn.discordapp.com/avatars/734842824163590206/f173e32ff9c8ffa95e5041d99998b98e.webp
Restarting...
Restarting...
Restarting...
Restarting...
Restarting...
Restarting...
Restarting...
Restarting...
Restarting...
Restarting...
Restarting...
Restarting...
Restarting...
