Ready!
Canvas launched!
https://cdn.discordapp.com/avatars/472119139708829725/95d38dda77ed4639f71fa05f7c85f73d.webp
https://cdn.discordapp.com/avatars/472119139708829725/95d38dda77ed4639f71fa05f7c85f73d.webp
https://cdn.discordapp.com/avatars/472119139708829725/95d38dda77ed4639f71fa05f7c85f73d.webp
https://cdn.discordapp.com/avatars/472119139708829725/95d38dda77ed4639f71fa05f7c85f73d.webp
https://cdn.discordapp.com/avatars/472119139708829725/95d38dda77ed4639f71fa05f7c85f73d.webp
https://cdn.discordapp.com/avatars/421883180027609088/748ba783b6e14e4998eedb2f59647d16.webp
https://cdn.discordapp.com/avatars/421883180027609088/748ba783b6e14e4998eedb2f59647d16.webp
https://cdn.discordapp.com/avatars/472119139708829725/95d38dda77ed4639f71fa05f7c85f73d.webp
https://cdn.discordapp.com/avatars/421883180027609088/748ba783b6e14e4998eedb2f59647d16.webp
https://cdn.discordapp.com/avatars/472119139708829725/95d38dda77ed4639f71fa05f7c85f73d.webp
Restarting...
Ready!
Canvas launched!
https://cdn.discordapp.com/avatars/421883180027609088/748ba783b6e14e4998eedb2f59647d16.webp
https://cdn.discordapp.com/avatars/421883180027609088/748ba783b6e14e4998eedb2f59647d16.webp
https://cdn.discordapp.com/avatars/472119139708829725/95d38dda77ed4639f71fa05f7c85f73d.webp
https://cdn.discordapp.com/avatars/421883180027609088/748ba783b6e14e4998eedb2f59647d16.webp
https://cdn.discordapp.com/avatars/421883180027609088/748ba783b6e14e4998eedb2f59647d16.webp
https://cdn.discordapp.com/avatars/421883180027609088/748ba783b6e14e4998eedb2f59647d16.webp
https://cdn.discordapp.com/avatars/421883180027609088/748ba783b6e14e4998eedb2f59647d16.webp
https://cdn.discordapp.com/avatars/472119139708829725/95d38dda77ed4639f71fa05f7c85f73d.webp
https://cdn.discordapp.com/avatars/472119139708829725/95d38dda77ed4639f71fa05f7c85f73d.webp
https://cdn.discordapp.com/avatars/472119139708829725/95d38dda77ed4639f71fa05f7c85f73d.webp
https://cdn.discordapp.com/avatars/472119139708829725/95d38dda77ed4639f71fa05f7c85f73d.webp
https://cdn.discordapp.com/avatars/734842824163590206/f173e32ff9c8ffa95e5041d99998b98e.webp
https://cdn.discordapp.com/avatars/734842824163590206/f173e32ff9c8ffa95e5041d99998b98e.webp
https://cdn.discordapp.com/avatars/734842824163590206/f173e32ff9c8ffa95e5041d99998b98e.webp
https://cdn.discordapp.com/avatars/734842824163590206/f173e32ff9c8ffa95e5041d99998b98e.webp
https://cdn.discordapp.com/avatars/734842824163590206/f173e32ff9c8ffa95e5041d99998b98e.webp
https://cdn.discordapp.com/avatars/734842824163590206/f173e32ff9c8ffa95e5041d99998b98e.webp
https://cdn.discordapp.com/avatars/734842824163590206/f173e32ff9c8ffa95e5041d99998b98e.webp
https://cdn.discordapp.com/avatars/734842824163590206/f173e32ff9c8ffa95e5041d99998b98e.webp
https://cdn.discordapp.com/avatars/734842824163590206/f173e32ff9c8ffa95e5041d99998b98e.webp
https://cdn.discordapp.com/avatars/734842824163590206/f173e32ff9c8ffa95e5041d99998b98e.webp
https://cdn.discordapp.com/avatars/734842824163590206/f173e32ff9c8ffa95e5041d99998b98e.webp
https://cdn.discordapp.com/avatars/734842824163590206/f173e32ff9c8ffa95e5041d99998b98e.webp
https://cdn.discordapp.com/avatars/734842824163590206/f173e32ff9c8ffa95e5041d99998b98e.webp
https://cdn.discordapp.com/avatars/734842824163590206/f173e32ff9c8ffa95e5041d99998b98e.webp
https://cdn.discordapp.com/avatars/734842824163590206/f173e32ff9c8ffa95e5041d99998b98e.webp
https://cdn.discordapp.com/avatars/734842824163590206/f173e32ff9c8ffa95e5041d99998b98e.webp
https://cdn.discordapp.com/avatars/734842824163590206/f173e32ff9c8ffa95e5041d99998b98e.webp
https://cdn.discordapp.com/avatars/734842824163590206/f173e32ff9c8ffa95e5041d99998b98e.webp
https://cdn.discordapp.com/avatars/472119139708829725/95d38dda77ed4639f71fa05f7c85f73d.webp
https://cdn.discordapp.com/avatars/472119139708829725/95d38dda77ed4639f71fa05f7c85f73d.webp
https://cdn.discordapp.com/avatars/472119139708829725/95d38dda77ed4639f71fa05f7c85f73d.webp
https://cdn.discordapp.com/avatars/472119139708829725/95d38dda77ed4639f71fa05f7c85f73d.webp
https://cdn.discordapp.com/avatars/472119139708829725/95d38dda77ed4639f71fa05f7c85f73d.webp
https://cdn.discordapp.com/avatars/472119139708829725/95d38dda77ed4639f71fa05f7c85f73d.webp
https://cdn.discordapp.com/avatars/472119139708829725/95d38dda77ed4639f71fa05f7c85f73d.webp
https://cdn.discordapp.com/avatars/472119139708829725/95d38dda77ed4639f71fa05f7c85f73d.webp
DiscordAPIError: Cannot send messages to this user
Restarting...
Ready!
Canvas launched!
