Ready!
Canvas launched!
https://cdn.discordapp.com/avatars/472119139708829725/a_8c0f63472fd0288978c1afb4095611ee.webp
https://cdn.discordapp.com/avatars/472119139708829725/a_8c0f63472fd0288978c1afb4095611ee.webp
https://cdn.discordapp.com/avatars/472119139708829725/a_8c0f63472fd0288978c1afb4095611ee.webp
https://cdn.discordapp.com/avatars/472119139708829725/a_8c0f63472fd0288978c1afb4095611ee.webp
https://cdn.discordapp.com/avatars/472119139708829725/a_8c0f63472fd0288978c1afb4095611ee.webp
https://cdn.discordapp.com/avatars/472119139708829725/a_8c0f63472fd0288978c1afb4095611ee.webp
DiscordAPIError: Cannot send messages to this user
Restarting...
Ready!
Canvas launched!
https://cdn.discordapp.com/avatars/660745314504015872/aa9219145f6c070e293804e65a7d3611.webp
https://cdn.discordapp.com/avatars/660745314504015872/aa9219145f6c070e293804e65a7d3611.webp
https://cdn.discordapp.com/avatars/472119139708829725/a_8c0f63472fd0288978c1afb4095611ee.webp
Restarting...
Restarting...
Restarting...
Restarting...
Restarting...
