Ready!
Canvas launched!
Activity set to Type !help for help.
collected :<@!716468574981718047>
🎃 unknown.Animations 🎃
collected :<@!716468574981718047>
🎃 unknown.Animations 🎃
collected :<@!739251643425620019>
UselessBot
collected :<@!739251643425620019>
UselessBot
collected :<@!739251643425620019>
UselessBot
collected :<@624355393665236994>
SpookyIconer
https://cdn.discordapp.com/avatars/472119139708829725/45ed9c9170f79c50d9e8a7cf301f4450.webp
DiscordAPIError: Cannot send an empty message
Restarting...
Ready!
Canvas launched!
Activity set to Type !help for help.
!log Added domain, fix profile to normal soon --- Logged by --- Animate Mania
collected :<@739251643425620019>
UselessBot
