Ready!
Canvas launched!
Activity set to Type !help for help.
collected :<@!682729897591963679>
gemini_assassin
https://cdn.discordapp.com/avatars/472119139708829725/95d38dda77ed4639f71fa05f7c85f73d.webp
collected :<@!717188715188846687>
BingøPlus
https://cdn.discordapp.com/avatars/660745314504015872/86c9efb7d766d9bb281ef3dcd17278f2.webp
https://cdn.discordapp.com/avatars/472119139708829725/95d38dda77ed4639f71fa05f7c85f73d.webp
TypeError: Cannot read property 'title' of undefined
Restarting...
Ready!
Canvas launched!
Activity set to Type !help for help.
https://cdn.discordapp.com/avatars/472119139708829725/95d38dda77ed4639f71fa05f7c85f73d.webp
https://cdn.discordapp.com/avatars/660745314504015872/86c9efb7d766d9bb281ef3dcd17278f2.webp
https://cdn.discordapp.com/avatars/472119139708829725/95d38dda77ed4639f71fa05f7c85f73d.webp
https://cdn.discordapp.com/avatars/472119139708829725/95d38dda77ed4639f71fa05f7c85f73d.webp
Restarting...
Restarting...
Restarting...
Restarting...
Restarting...
Restarting...
Restarting...
Restarting...
Restarting...
Restarting...
Restarting...
Restarting...
Restarting...
Restarting...
Restarting...
Restarting...
Restarting...
Restarting...
Restarting...
Restarting...
Restarting...
Restarting...
Restarting...
Restarting...
