Ready!
Canvas launched!
Activity set to Type !help for help.
https://cdn.discordapp.com/avatars/472119139708829725/95d38dda77ed4639f71fa05f7c85f73d.webp
https://cdn.discordapp.com/avatars/472119139708829725/95d38dda77ed4639f71fa05f7c85f73d.webp
https://cdn.discordapp.com/avatars/472119139708829725/95d38dda77ed4639f71fa05f7c85f73d.webp
https://cdn.discordapp.com/avatars/472119139708829725/95d38dda77ed4639f71fa05f7c85f73d.webp
https://cdn.discordapp.com/avatars/472119139708829725/95d38dda77ed4639f71fa05f7c85f73d.webp
https://cdn.discordapp.com/avatars/472119139708829725/95d38dda77ed4639f71fa05f7c85f73d.webp
Error [VOICE_CONNECTION_TIMEOUT]: Connection not established within 15 seconds.
Restarting...
Ready!
Canvas launched!
Activity set to Type !help for help.
https://cdn.discordapp.com/avatars/421883180027609088/748ba783b6e14e4998eedb2f59647d16.webp
https://cdn.discordapp.com/avatars/421883180027609088/748ba783b6e14e4998eedb2f59647d16.webp
https://cdn.discordapp.com/avatars/421883180027609088/748ba783b6e14e4998eedb2f59647d16.webp
https://cdn.discordapp.com/avatars/421883180027609088/748ba783b6e14e4998eedb2f59647d16.webp
https://cdn.discordapp.com/avatars/472119139708829725/95d38dda77ed4639f71fa05f7c85f73d.webp
https://cdn.discordapp.com/avatars/421883180027609088/748ba783b6e14e4998eedb2f59647d16.webp
https://cdn.discordapp.com/avatars/472119139708829725/95d38dda77ed4639f71fa05f7c85f73d.webp
165210579
DiscordAPIError: Cannot send an empty message
Restarting...
Ready!
Canvas launched!
Activity set to Type !help for help.
https://cdn.discordapp.com/avatars/472119139708829725/95d38dda77ed4639f71fa05f7c85f73d.webp
Restarting...
Restarting...
Restarting...
Restarting...
Restarting...
Restarting...
Restarting...
Restarting...
Restarting...
Restarting...
Restarting...
Restarting...
Restarting...
Restarting...
Restarting...
Restarting...
Restarting...
Restarting...
Restarting...
Restarting...
Restarting...
Restarting...
Restarting...
Restarting...
Restarting...
Restarting...
Restarting...
Restarting...
Restarting...
Restarting...
Restarting...
Restarting...
Restarting...
Restarting...
Restarting...
Restarting...
Restarting...
Restarting...
Restarting...
Restarting...
Restarting...
Restarting...
Restarting...
Restarting...
Restarting...
Restarting...
Restarting...
Restarting...
Restarting...
Restarting...
Restarting...
Restarting...
Restarting...
Restarting...
Restarting...
Restarting...
Restarting...
Restarting...
Restarting...
Restarting...
Restarting...
Restarting...
Restarting...
Restarting...
Restarting...
Restarting...
Restarting...
Restarting...
Restarting...
Restarting...
Restarting...
Restarting...
Restarting...
Restarting...
Restarting...
Restarting...
Restarting...
Restarting...
Restarting...
Restarting...
Restarting...
Restarting...
Restarting...
Restarting...
Restarting...
Restarting...
Restarting...
Restarting...
Restarting...
Restarting...
Restarting...
Restarting...
Restarting...
Restarting...
Restarting...
Restarting...
Restarting...
Restarting...
Restarting...
Restarting...
Restarting...
Restarting...
Restarting...
Restarting...
Restarting...
Restarting...
Restarting...
Restarting...
Restarting...
Restarting...
Restarting...
Restarting...
Restarting...
Restarting...
Restarting...
Restarting...
Restarting...
Restarting...
Restarting...
Restarting...
Restarting...
Restarting...
Restarting...
Restarting...
Restarting...
Restarting...
Restarting...
Restarting...
Restarting...
Restarting...
