Ready!
Canvas launched!
RangeError: offset is out of bounds
Restarting...
Ready!
Canvas launched!
RangeError: offset is out of bounds
Restarting...
Ready!
Canvas launched!
RangeError: offset is out of bounds
Restarting...
Ready!
Canvas launched!
RangeError: offset is out of bounds
Restarting...
Ready!
Canvas launched!
RangeError: offset is out of bounds
Restarting...
Ready!
Canvas launched!
RangeError: offset is out of bounds
Restarting...
Ready!
Canvas launched!
Error: ENOENT: no such file or directory, stat 'C:\Users\Adems\UselessBot\Sounds\HEYYEYAAEYAAAEYAEYAA.mp3'
Restarting...
Ready!
Canvas launched!
collected :😮
collected :<@!690346560986677325>
JoshyAnimates
collected :<@690346560986677325>
JoshyAnimates
RangeError: offset is out of bounds
Restarting...
Ready!
Canvas launched!
RangeError: offset is out of bounds
Restarting...
Ready!
Canvas launched!
RangeError: offset is out of bounds
Restarting...
Ready!
Canvas launched!
RangeError: offset is out of bounds
Restarting...
Ready!
Canvas launched!
Restarting...
Restarting...
Restarting...
Restarting...
Restarting...
Restarting...
Restarting...
Restarting...
Restarting...
Restarting...
Restarting...
Restarting...
Restarting...
Restarting...
Restarting...
Restarting...
Restarting...
Restarting...
Restarting...
Restarting...
Restarting...
Restarting...
Restarting...
Restarting...
Restarting...
Restarting...
Restarting...
Restarting...
Restarting...
Restarting...
Restarting...
Restarting...
Restarting...
Restarting...
Restarting...
Restarting...
Restarting...
Restarting...
Restarting...
Restarting...
Restarting...
Restarting...
Restarting...
