Node version: v14.13.0
Ready!
Canvas launched!
Activity set to Type !help for help.
collected :<@739251643425620019>, who would you like to donate to?
UselessBot
collected :<@739251643425620019>, who would you like to donate to?
UselessBot
{
  "url": "https://www.aljazeera.com/wp-content/uploads/2020/04/ecab8c7af42a439d9043b0ade6e1f05b_18.jpeg?fit\\u003d999%2C562",
  "width": 999,
  "height": 562
}
{
  url: 'https://www.aljazeera.com/wp-content/uploads/2020/04/ecab8c7af42a439d9043b0ade6e1f05b_18.jpeg?fit\\u003d999%2C562',
  width: 999,
  height: 562
}
Restarting...
Node version: v14.13.0
Ready!
Canvas launched!
Activity set to Type !help for help.
Restarting...
Node version: v14.13.0
Ready!
Canvas launched!
Activity set to Type !help for help.
Restarting...
Node version: v14.13.0
Ready!
Canvas launched!
Activity set to Type !help for help.
Restarting...
Node version: v14.13.0
Ready!
Canvas launched!
Activity set to Type !help for help.
Restarting...
Node version: v14.13.0
Ready!
Canvas launched!
Activity set to Type !help for help.
Restarting...
Node version: v14.13.0
Ready!
Canvas launched!
Activity set to Type !help for help.
Restarting...
Node version: v14.13.0
Ready!
Canvas launched!
Activity set to Type !help for help.
https://cdn.discordapp.com/avatars/472119139708829725/45ed9c9170f79c50d9e8a7cf301f4450.webp
https://cdn.discordapp.com/avatars/459827230705451018/0631760042dc0efe132fb1725796e7d8.webp
Restarting...
Node version: v14.13.0
Ready!
Canvas launched!
Activity set to Type !help for help.
collected :<@!459827230705451018>
Sabir
collected :<@!459827230705451018>
Sabir
Restarting...
Node version: v14.13.0
Ready!
Canvas launched!
Activity set to Type !help for help.
Restarting...
Node version: v14.13.0
Ready!
Canvas launched!
Activity set to Type !help for help.
Restarting...
Node version: v14.13.0
Ready!
Canvas launched!
Activity set to Type !help for help.
RangeError: text length (889) should be less than 200 characters
Restarting...
Node version: v14.13.0
Ready!
Canvas launched!
Activity set to Type !help for help.
RangeError: text length (889) should be less than 200 characters
Restarting...
Node version: v14.13.0
Ready!
Canvas launched!
Activity set to Type !help for help.
Restarting...
Restarting...
Restarting...
Restarting...
Restarting...
Restarting...
Restarting...
Restarting...
Restarting...
Restarting...
Restarting...
Restarting...
Restarting...
Restarting...
Restarting...
Restarting...
Restarting...
Restarting...
Restarting...
Restarting...
Restarting...
Restarting...
Restarting...
Restarting...
Restarting...
Restarting...
Restarting...
Restarting...
Restarting...
Restarting...
Restarting...
Restarting...
Restarting...
Restarting...
Restarting...
Restarting...
Restarting...
Restarting...
Restarting...
Restarting...
Restarting...
Restarting...
Restarting...
Restarting...
Restarting...
Restarting...
Restarting...
Restarting...
Restarting...
Restarting...
Restarting...
Restarting...
Restarting...
Restarting...
Restarting...
Restarting...
Restarting...
Restarting...
Restarting...
Restarting...
Restarting...
Restarting...
Restarting...
Restarting...
Restarting...
Restarting...
Restarting...
Restarting...
Restarting...
Restarting...
Restarting...
Restarting...
Restarting...
Restarting...
Restarting...
Restarting...
Restarting...
Restarting...
Restarting...
Restarting...
Restarting...
Restarting...
Restarting...
Restarting...
Restarting...
Restarting...
Restarting...
Restarting...
Restarting...
Restarting...
Restarting...
Restarting...
Restarting...
Restarting...
Restarting...
Restarting...
Restarting...
Restarting...
Restarting...
Restarting...
Restarting...
Restarting...
Restarting...
Restarting...
Restarting...
Restarting...
Restarting...
Restarting...
Restarting...
Restarting...
Restarting...
Restarting...
Restarting...
Restarting...
Restarting...
Restarting...
Restarting...
Restarting...
Restarting...
Restarting...
Restarting...
Restarting...
Restarting...
Restarting...
Restarting...
Restarting...
Restarting...
Restarting...
Restarting...
Restarting...
Restarting...
Restarting...
Restarting...
Restarting...
Restarting...
Restarting...
Restarting...
Restarting...
Restarting...
Restarting...
Restarting...
Restarting...
Restarting...
Restarting...
Restarting...
Restarting...
Restarting...
Restarting...
Restarting...
Restarting...
Restarting...
Restarting...
Restarting...
Restarting...
Restarting...
Restarting...
Restarting...
Restarting...
Restarting...
Restarting...
Restarting...
Restarting...
Restarting...
Restarting...
Restarting...
Restarting...
Restarting...
Restarting...
Restarting...
Restarting...
Restarting...
Restarting...
Restarting...
Restarting...
Restarting...
Restarting...
Restarting...
Restarting...
Restarting...
Restarting...
Restarting...
Restarting...
Restarting...
Restarting...
Restarting...
Restarting...
Restarting...
Restarting...
Restarting...
Restarting...
Restarting...
Restarting...
Restarting...
Restarting...
Restarting...
Restarting...
Restarting...
Restarting...
Restarting...
Restarting...
Restarting...
Restarting...
Restarting...
Restarting...
Restarting...
Restarting...
Restarting...
Restarting...
Restarting...
Restarting...
Restarting...
Restarting...
Restarting...
Restarting...
Restarting...
Restarting...
Restarting...
Restarting...
Restarting...
Restarting...
Restarting...
Restarting...
Restarting...
Restarting...
Restarting...
Restarting...
Restarting...
Restarting...
Restarting...
Restarting...
Restarting...
Restarting...
Restarting...
Restarting...
Restarting...
Restarting...
Restarting...
Restarting...
Restarting...
Restarting...
Restarting...
Restarting...
Restarting...
Restarting...
Restarting...
Restarting...
Restarting...
Restarting...
Restarting...
Restarting...
Restarting...
Restarting...
Restarting...
Restarting...
Restarting...
Restarting...
Restarting...
Restarting...
Restarting...
Restarting...
Restarting...
Restarting...
Restarting...
Restarting...
Restarting...
Restarting...
Restarting...
Restarting...
Restarting...
Restarting...
Restarting...
Restarting...
Restarting...
Restarting...
Restarting...
Restarting...
Restarting...
Restarting...
Restarting...
Restarting...
Restarting...
Restarting...
Restarting...
Restarting...
Restarting...
Restarting...
Restarting...
Restarting...
Restarting...
Restarting...
Restarting...
Restarting...
Restarting...
Restarting...
Restarting...
Restarting...
Restarting...
Restarting...
Restarting...
Restarting...
Restarting...
Restarting...
Restarting...
Restarting...
Restarting...
Restarting...
Restarting...
Restarting...
Restarting...
Restarting...
Restarting...
Restarting...
Restarting...
Restarting...
Restarting...
Restarting...
Restarting...
Restarting...
Restarting...
Restarting...
Restarting...
Restarting...
Restarting...
Restarting...
Restarting...
Restarting...
Restarting...
Restarting...
Restarting...
Restarting...
Restarting...
Restarting...
Restarting...
Restarting...
Restarting...
Restarting...
Restarting...
Restarting...
Restarting...
Restarting...
Restarting...
Restarting...
