Node version: v14.13.0
Ready!
Canvas launched!
Activity set to Type !help for help.
https://cdn.discordapp.com/avatars/472119139708829725/45ed9c9170f79c50d9e8a7cf301f4450.webp
https://cdn.discordapp.com/avatars/472119139708829725/45ed9c9170f79c50d9e8a7cf301f4450.webp
Restarting...
Node version: v14.13.0
Ready!
Canvas launched!
Activity set to Type !help for help.
Restarting...
Restarting...
Restarting...
Restarting...
Restarting...
Restarting...
Restarting...
Restarting...
Restarting...
Restarting...
Restarting...
Restarting...
