Node version: v14.13.0
Ready!
Canvas launched!
Activity set to Type !help for help.
collected :<@!739251643425620019>, who would you like to donate to?
UselessBot
collected :<@!472119139708829725>
Animate Mania
collected :<@!488708320358563880>
Squido2
Restarting...
Restarting...
Restarting...
Restarting...
Restarting...
Restarting...
Restarting...
Restarting...
Restarting...
Restarting...
Restarting...
Restarting...
Restarting...
Restarting...
Restarting...
Restarting...
Restarting...
Restarting...
