Node version: v14.13.0
Ready!
Canvas launched!
Activity set to Say !help for help.
Random search int: 37 Keyword(s): Cat
Random search int: 25 Keyword(s): Cat
Random search int: 3 Keyword(s): Cat
Random search int: 36 Keyword(s): Bird
Random search int: 41 Keyword(s): Bird
Random search int: 9 Keyword(s): Bird!imgsearch Bird
Random search int: 19 Keyword(s): Bird
Random search int: 2 Keyword(s): Bird
Random search int: 45 Keyword(s): Bird
Random search int: 16 Keyword(s): Bird
Random search int: 20 Keyword(s): Dog
Random search int: 45 Keyword(s): Dog
Random search int: 9 Keyword(s): Dog
Random search int: 39 Keyword(s): Dog
Random search int: 18 Keyword(s): Dog
Random search int: 21 Keyword(s): Dog
Random search int: 48 Keyword(s): EE EEEEE EEE EE EEE EEEE
Random search int: 38 Keyword(s): EE EEEEE EEE EE EEE EEEE
Random search int: 29 Keyword(s): EA Sports it's pay to win
Random search int: 39 Keyword(s): How to make money in your free time
Random search int: 23 Keyword(s): How to make money in your free time Book
Random search int: 49 Keyword(s): How to make money in your free time Book!imgsearch How to make money in your free time Book
Random search int: 13 Keyword(s): How to make money in your free time Book
Random search int: 47 Keyword(s): How to make money in your free time Book
Random search int: 49 Keyword(s): How to make money in your free time Book
Random search int: 16 Keyword(s): Animate Mania
Random search int: 45 Keyword(s): Animate Mania
Random search int: 24 Keyword(s): Animate Mania
Random search int: 22 Keyword(s): Animate Mania
Random search int: 14 Keyword(s): Animate Mania
Random search int: 16 Keyword(s): Animate Mania
Random search int: 21 Keyword(s): The Random Boi
Random search int: 2 Keyword(s): Animate Mania
Random search int: 0 Keyword(s): Animate Mania
Random search int: 45 Keyword(s): Animate Mania
Random search int: 42 Keyword(s): Animate Mania
Random search int: 38 Keyword(s): Animate Mania
Random search int: 18 Keyword(s): Animate Mania
Random search int: 16 Keyword(s): Animate Mania
Random search int: 0 Keyword(s): Animate Mania
Random search int: 36 Keyword(s): Animate Mania YouTube
Random search int: 10 Keyword(s): LEGO How time suddenly passes
Random search int: 35 Keyword(s): LEGO How time suddenly passes Animate Mania
Random search int: 41 Keyword(s): LEGO How time suddenly passes Animate Mania!imgsearch LEGO How time suddenly passes Animate Mania
Restarting...
Node version: v14.13.0
Ready!
Canvas launched!
Activity set to Say !help for help.
Random search int: 29 Keyword(s): LEGO How time suddenly passes Animate Mania
Random search int: 35 Keyword(s): LEGO How time suddenly passes Animate Mania
Random search int: 42 Keyword(s): LEGO How time suddenly passes Animate Mania
Random search int: 46 Keyword(s): LEGO How time suddenly passes Animate Mania
Random search int: 49 Keyword(s): LEGO How time suddenly passes Animate Mania
Random search int: 43 Keyword(s): LEGO How time suddenly passes Animate Mania
Random search int: 15 Keyword(s): LEGO How time suddenly passes Animate Mania
Random search int: 6 Keyword(s): LEGO How time suddenly passes Animate Mania
Random search int: 22 Keyword(s): Animate Mania
Random search int: 0 Keyword(s): Animate Mania YouTube
Random search int: 23 Keyword(s): Animate Mania YouTube
Random search int: 23 Keyword(s): Animate Mania YouTube
Random search int: 40 Keyword(s): Animate Mania YouTube
Random search int: 21 Keyword(s): Animate Mania YouTube
Random search int: 32 Keyword(s): Animate Mania YouTube
Random search int: 31 Keyword(s): RyanDoesn'tAnimate
Random search int: 9 Keyword(s): Animate Mania YouTube
Random search int: 39 Keyword(s): Animate Mania YouTube
Random search int: 37 Keyword(s): Animate Mania YouTube
Random search int: 22 Keyword(s): Animate Mania YouTube
Random search int: 28 Keyword(s): Animate Mania YouTube
Random search int: 23 Keyword(s): BryanAnimates
Random search int: 8 Keyword(s): Animate Mania YouTube
Random search int: 3 Keyword(s): Animate Mania YouTube
Random search int: 35 Keyword(s): Animate Mania YouTube
Random search int: 0 Keyword(s): Animate Mania
Random search int: 16 Keyword(s): Animate Mania
Random search int: 39 Keyword(s): Animate Mania
Random search int: 14 Keyword(s): Animate Mania
Random search int: 5 Keyword(s): Animate Mania
Random search int: 35 Keyword(s): Animate Mania
Random search int: 10 Keyword(s): Animate Mania
Random search int: 17 Keyword(s): Animate Mania
Random search int: 1 Keyword(s): Animate Mania
Random search int: 17 Keyword(s): Animate Mania
Random search int: 48 Keyword(s): Animate Mania
Random search int: 26 Keyword(s): Animate Mania
Random search int: 6 Keyword(s): Animate Mania
Random search int: 44 Keyword(s): Animate Mania
Random search int: 25 Keyword(s): Animate Mania
Random search int: 11 Keyword(s): Animate Mania
Random search int: 23 Keyword(s): Animate Mania
Random search int: 30 Keyword(s): Animate Mania
Random search int: 32 Keyword(s): Animate Mania
Random search int: 25 Keyword(s): Animate Mania
Random search int: 24 Keyword(s): Animate Mania
Restarting...
Restarting...
Restarting...
Restarting...
Restarting...
Restarting...
