Node version: v14.13.0
Ready!
Canvas launched!
Activity set to Type !help for help.
{
  "url": "https://www.aljazeera.com/wp-content/uploads/2020/04/ecab8c7af42a439d9043b0ade6e1f05b_18.jpeg?fit\\u003d999%2C562",
  "width": 999,
  "height": 562
}
{
  url: 'https://www.aljazeera.com/wp-content/uploads/2020/04/ecab8c7af42a439d9043b0ade6e1f05b_18.jpeg?fit\\u003d999%2C562',
  width: 999,
  height: 562
}
TypeError: Cannot read property 'title' of undefined
Restarting...
Node version: v14.13.0
Ready!
Canvas launched!
Activity set to Type !help for help.
Error: get key failed from google
Restarting...
Node version: v14.13.0
Ready!
Canvas launched!
Activity set to Type !help for help.
Restarting...
Restarting...
Restarting...
Restarting...
Restarting...
Restarting...
Restarting...
Restarting...
Restarting...
Restarting...
Restarting...
Restarting...
Restarting...
Restarting...
Restarting...
