Node version: v14.13.0
Ready!
Canvas launched!
Activity set to Say !help for help.
!play error. Tried using text: https://www.youtube.com/watch?v=T4r91mc8pbo
TypeError: discordTTS.getVoiceStream(...).catch is not a function
Restarting...
Node version: v14.13.0
Ready!
Canvas launched!
Activity set to Say !help for help.
Restarting...
Restarting...
Restarting...
Restarting...
Restarting...
Restarting...
Restarting...
Restarting...
Restarting...
Restarting...
Restarting...
Restarting...
Restarting...
