Node version: v14.13.0
Ready!
Canvas launched!
Activity set to Say !help for help.
Random search int: 44 Keyword(s): Fat Chipmunk
Random search int: 6 Keyword(s): Fat Chipmunk
Random search int: 29 Keyword(s): Fat Chipmunk
Random search int: 46 Keyword(s): Fat Chipmunk
Random search int: 18 Keyword(s): Fat Chipmunk
Random search int: 4 Keyword(s): EA Sports it's pay to win
Random search int: 46 Keyword(s): EA Sports it's pay to win
Random search int: 25 Keyword(s): EA Sports it's pay to win
Random search int: 37 Keyword(s): Fat Shrek
Random search int: 28 Keyword(s): Fat Shrek
Random search int: 41 Keyword(s): Fat Shrek
Random search int: 26 Keyword(s): Fat Shrek
Random search int: 10 Keyword(s): Fat Shrek
Random search int: 1 Keyword(s): Fat Shrek
Random search int: 49 Keyword(s): Fat Shrek
Random search int: 40 Keyword(s): Fat Shrek
Random search int: 15 Keyword(s): Fat Shrek
Random search int: 7 Keyword(s): Fat Shrek
Random search int: 37 Keyword(s): Fat Shrek
Random search int: 7 Keyword(s): Fat Shrek
Random search int: 9 Keyword(s): Fat Shrek
Random search int: 26 Keyword(s): Fat Shrek
Random search int: 31 Keyword(s): Fat Shrek
Random search int: 4 Keyword(s): Fat Shrek
Random search int: 38 Keyword(s): Fat Shrek
Random search int: 28 Keyword(s): Fat Shrek
Random search int: 42 Keyword(s): Fat Shrek
Random search int: 7 Keyword(s): Fat Shrek
Random search int: 39 Keyword(s): Fat Shrek
