Node version: v14.13.0
Ready!
Canvas launched!
Activity set to Say !help for help.
Random search int: 47 Keyword(s): the worlds fattest dog
Random search int: 16 Keyword(s): Big chungus
Random search int: 0 Keyword(s): Big chungus
Random search int: 3 Keyword(s): Shrek
Random search int: 16 Keyword(s): Shrek
Random search int: 16 Keyword(s): Shrek
Random search int: 40 Keyword(s): Shrek
Random search int: 10 Keyword(s): Shrek
Random search int: 22 Keyword(s): Shrek Chungus
Random search int: 31 Keyword(s): Shrek Chungus
Random search int: 18 Keyword(s): Shrek Chungus
Random search int: 5 Keyword(s): Shrek Chungus
Random search int: 31 Keyword(s): Shrek Chungus
Random search int: 26 Keyword(s): Shrek Chungus
Random search int: 17 Keyword(s): fattest bird
Random search int: 45 Keyword(s): worlds fattest bird
Random search int: 25 Keyword(s): fattest bird
Random search int: 20 Keyword(s): fattest bird
Random search int: 23 Keyword(s): fattest bird
Random search int: 47 Keyword(s): fattest bird
Random search int: 42 Keyword(s): fattest bird
Random search int: 7 Keyword(s): fattest bird
Random search int: 20 Keyword(s): fattest bird
Random search int: 46 Keyword(s): fattest bird
Random search int: 39 Keyword(s): fattest bird ever
Random search int: 39 Keyword(s): fattest bird
Random search int: 27 Keyword(s): fattest bird
Random search int: 0 Keyword(s): fattest bird
Random search int: 42 Keyword(s): Mustache bird
Random search int: 0 Keyword(s): Mustache bird
Random search int: 34 Keyword(s): Mustache bird
Random search int: 38 Keyword(s): Mustache bird
Random search int: 26 Keyword(s): Shrek Chungus
Random search int: 5 Keyword(s): Shrek Chungushttps://i.kym-cdn.com/photos/images/original/001/446/445/108.png
Restarting...
Node version: v14.13.0
Ready!
Canvas launched!
Activity set to Say !help for help.
Random search int: 39 Keyword(s): Shrek Chungus
Random search int: 15 Keyword(s): Shrek Chungus
Random search int: 6 Keyword(s): Shrek Chungus
Random search int: 25 Keyword(s): Shrek Chungus
Random search int: 7 Keyword(s): Shrek Chungus
Random search int: 36 Keyword(s): Shrek Chungus
Random search int: 37 Keyword(s): Shrek Chungus
Random search int: 4 Keyword(s): Big chunk
Random search int: 30 Keyword(s): Big chungus 2
Random search int: 40 Keyword(s): Fattest bird ever
Random search int: 46 Keyword(s): Animate_mania
Random search int: 37 Keyword(s): BryanAnimates
Random search int: 30 Keyword(s): Shrek Chungus
Random search int: 15 Keyword(s): COW
Random search int: 37 Keyword(s): BryanAnimates
Random search int: 37 Keyword(s): hello
Random search int: 7 Keyword(s): MEME
Random search int: 38 Keyword(s): BryanAnimates
Random search int: 47 Keyword(s): BryanAnimates
Random search int: 38 Keyword(s): BryanAnimates
Random search int: 0 Keyword(s): BryanAnimates
Random search int: 45 Keyword(s): BryanAnimates
Random search int: 15 Keyword(s): BryanAnimates
Random search int: 48 Keyword(s): BryanAnimates
Random search int: 15 Keyword(s): BryanAnimates
Random search int: 29 Keyword(s): BryanAnimates
Random search int: 48 Keyword(s): BryanAnimates
Random search int: 23 Keyword(s): BryanAnimates
Random search int: 45 Keyword(s): Red
Random search int: 37 Keyword(s): Red
Random search int: 21 Keyword(s): Red
Random search int: 48 Keyword(s): Red
Random search int: 7 Keyword(s): Fat squirrel
Random search int: 49 Keyword(s): Fat squirrel
Random search int: 10 Keyword(s): Fat squirrel
Random search int: 43 Keyword(s): Fat squirrel
Random search int: 16 Keyword(s): Fat squirrel
Random search int: 44 Keyword(s): Fat squirrel
Random search int: 30 Keyword(s): Fat squirrel
Restarting...
Restarting...
Restarting...
Restarting...
Restarting...
Restarting...
Restarting...
Restarting...
Restarting...
Restarting...
Restarting...
Restarting...
