Node version: v14.13.0
Ready!
Canvas launched!
Activity set to Say !help for help.
Error: get key failed from google
Restarting...
Node version: v14.13.0
Ready!
Canvas launched!
Activity set to Say !help for help.
Restarting...
Node version: v14.13.0
Ready!
Canvas launched!
Activity set to Say !help for help.
Restarting...
Node version: v14.13.0
Ready!
Canvas launched!
Activity set to Say !help for help.
!play error. Tried using text: https://www.youtube.com/watch?v=1-qttt727-I&feature=share
Error: get key failed from google
Restarting...
Node version: v14.13.0
Ready!
Canvas launched!
Activity set to Say !help for help.
Error: get key failed from google
Restarting...
Node version: v14.13.0
Ready!
Canvas launched!
Activity set to Say !help for help.
Error: get key failed from google
Restarting...
Node version: v14.13.0
Ready!
Canvas launched!
Activity set to Say !help for help.
Error: get key failed from google
Restarting...
Node version: v14.13.0
Ready!
Canvas launched!
Activity set to Say !help for help.
Error: get key failed from google
Restarting...
Node version: v14.13.0
Ready!
Canvas launched!
Activity set to Say !help for help.
Error: get key failed from google
Restarting...
Node version: v14.13.0
Ready!
Canvas launched!
Activity set to Say !help for help.
Restarting...
Node version: v14.13.0
Ready!
Canvas launched!
Activity set to Say !help for help.
