Node version: v14.13.0
Ready!
Canvas launched!
Activity set to Say !help for help.
Random search int: 42 Keyword(s): fat shrek
Random search int: 8 Keyword(s): Fat Shrek
Random search int: 20 Keyword(s): Fat Shrek
Random search int: 19 Keyword(s): Fat Shrek
Random search int: 8 Keyword(s): Fat Shrek
Random search int: 38 Keyword(s): Fat Shrek
Random search int: 0 Keyword(s): prety Shrek
Random search int: 17 Keyword(s): Fat Shrek
Random search int: 26 Keyword(s): Fat Shrek
Random search int: 41 Keyword(s): Fat Shrek
Random search int: 25 Keyword(s): Super Fat Shrek
Random search int: 28 Keyword(s): Super Fat Shrek
Random search int: 31 Keyword(s): Super Fat Shrek
Random search int: 25 Keyword(s): Super Fat Shrek
Random search int: 44 Keyword(s): Super Fat Shrek
Random search int: 9 Keyword(s): Super Fat Shrek
Random search int: 46 Keyword(s): Super Fat Shrek
Random search int: 8 Keyword(s): Super Fat Shrek
Random search int: 28 Keyword(s): Super Fat Shrek
Random search int: 34 Keyword(s): Super ULTRA Fat Shrek
Random search int: 25 Keyword(s): Super ULTRA Fat Shrek
Random search int: 14 Keyword(s): Super ULTRA Fat Shrek
Random search int: 22 Keyword(s): Super ULTRA Fat Shrek
Random search int: 29 Keyword(s): Super ULTRA Fat Shrek
Random search int: 14 Keyword(s): Super ULTRA Fat Shrek
Random search int: 30 Keyword(s): Super ULTRA Fat Shrek
Random search int: 42 Keyword(s): Super ULTRA Fat Shrek
Random search int: 20 Keyword(s): Super ULTRA Fat Shrek
Random search int: 35 Keyword(s): Super ULTRA Fat Shrek
Random search int: 2 Keyword(s): Super ULTRA Fat Shrek
Random search int: 12 Keyword(s): Super ULTRA Fat Shrek
Random search int: 47 Keyword(s): Super ULTRA Fat Shrek
Random search int: 22 Keyword(s): Super ULTRA Fat Shrek
Random search int: 25 Keyword(s): Super ULTRA Fat Shrek
Random search int: 41 Keyword(s): Fat Yoshi
Random search int: 33 Keyword(s): Fat Yoshi
Random search int: 32 Keyword(s): Fat Mario
Random search int: 31 Keyword(s): Fat Mario
Random search int: 35 Keyword(s): animate mania
Random search int: 47 Keyword(s): animate mania
Random search int: 21 Keyword(s): animate mania
Random search int: 43 Keyword(s): animate mania
Random search int: 9 Keyword(s): animate mania
Random search int: 23 Keyword(s): animate mania
Random search int: 41 Keyword(s): EE EEEEE EEE EE EEE EEEE
Random search int: 35 Keyword(s): EE EEEEE EEE EE EEE EEEE
Random search int: 35 Keyword(s): GIF
Random search int: 24 Keyword(s): EA SPORTS ITS IN THE GAME
Random search int: 18 Keyword(s): ĞÜİŞÇÖığüşçö
Restarting...
Node version: v14.13.0
Ready!
Canvas launched!
Activity set to Say !help for help.
Random search int: 20 Keyword(s): ĞÜİŞÇÖığüşçö
Restarting...
Node version: v14.13.0
Ready!
Canvas launched!
Activity set to Say !help for help.
Random search int: 32 Keyword(s): EA SPORTS EE EEEEE
Random search int: 16 Keyword(s): X Æ A-12
Random search int: 1 Keyword(s): X Æ A-12
Random search int: 18 Keyword(s): ö
Random search int: 2 Keyword(s): Elon Musk forgets X Æ A-12's name
Restarting...
Restarting...
Restarting...
Restarting...
Restarting...
Restarting...
Restarting...
Restarting...
Restarting...
Restarting...
Restarting...
Restarting...
Restarting...
