Node version: v14.13.0
Ready!
Canvas launched!
Activity set to Say !help for help.
!play error. Tried using text: https://www.youtube.com/watch?v=Q31k5XTP4L0
!play error. Tried using text: https://www.youtube.com/watch?v=Uim4GwSfzxY
!play error. Tried using text: https://www.youtube.com/watch?v=Q31k5XTP4L0
!play error. Tried using text: https://www.youtube.com/watch?v=Q31k5XTP4L0
!play error. Tried using text: https://www.youtube.com/watch?v=Q31k5XTP4L0
!play error. Tried using text: https://www.youtube.com/watch?v=Q31k5XTP4L0
Error [VOICE_CONNECTION_TIMEOUT]: Connection not established within 15 seconds.
Restarting...
Node version: v14.13.0
Ready!
Canvas launched!
Activity set to Say !help for help.
!play error. Tried using text: https://www.youtube.com/watch?v=Uim4GwSfzxY
!play error. Tried using text: https://www.youtube.com/watch?v=Q31k5XTP4L0
Restarting...
Restarting...
Restarting...
Restarting...
Restarting...
Restarting...
Restarting...
Restarting...
Restarting...
Restarting...
Restarting...
Restarting...
Restarting...
Restarting...
Restarting...
Restarting...
Restarting...
