Node version: v14.13.0
Ready!
Canvas launched!
Activity set to Say !help for help.
collected :<@!618108015060582474>
Tanjiro Kamado
Unhandled Rejection at: Error [VOICE_CONNECTION_TIMEOUT]: Connection not established within 15 seconds.
    at VoiceConnection.authenticateFailed (C:\Users\Adems\UselessBot\node_modules\discord.js\src\client\voice\VoiceConnection.js:303:26)
    at C:\Users\Adems\UselessBot\node_modules\discord.js\src\client\voice\VoiceConnection.js:324:61
    at Timeout.<anonymous> (C:\Users\Adems\UselessBot\node_modules\discord.js\src\client\BaseClient.js:83:7)
    at listOnTimeout (internal/timers.js:554:17)
    at processTimers (internal/timers.js:497:7)
Unhandled Rejection at: Error [VOICE_JOIN_CHANNEL]: You do not have permission to join this voice channel.
    at C:\Users\Adems\UselessBot\node_modules\discord.js\src\client\voice\ClientVoiceManager.js:72:15
    at new Promise (<anonymous>)
    at ClientVoiceManager.joinChannel (C:\Users\Adems\UselessBot\node_modules\discord.js\src\client\voice\ClientVoiceManager.js:70:12)
    at VoiceChannel.join (C:\Users\Adems\UselessBot\node_modules\discord.js\src\structures\VoiceChannel.js:134:30)
    at Client.<anonymous> (C:\Users\Adems\UselessBot\index.js:2067:20)
    at Client.emit (events.js:326:22)
    at MessageCreateAction.handle (C:\Users\Adems\UselessBot\node_modules\discord.js\src\client\actions\MessageCreate.js:31:14)
    at Object.module.exports [as MESSAGE_CREATE] (C:\Users\Adems\UselessBot\node_modules\discord.js\src\client\websocket\handlers\MESSAGE_CREATE.js:4:32)
    at WebSocketManager.handlePacket (C:\Users\Adems\UselessBot\node_modules\discord.js\src\client\websocket\WebSocketManager.js:384:31)
    at WebSocketShard.onPacket (C:\Users\Adems\UselessBot\node_modules\discord.js\src\client\websocket\WebSocketShard.js:444:22)
Unhandled Rejection at: Error [VOICE_JOIN_CHANNEL]: You do not have permission to join this voice channel.
    at C:\Users\Adems\UselessBot\node_modules\discord.js\src\client\voice\ClientVoiceManager.js:72:15
    at new Promise (<anonymous>)
    at ClientVoiceManager.joinChannel (C:\Users\Adems\UselessBot\node_modules\discord.js\src\client\voice\ClientVoiceManager.js:70:12)
    at VoiceChannel.join (C:\Users\Adems\UselessBot\node_modules\discord.js\src\structures\VoiceChannel.js:134:30)
    at Client.<anonymous> (C:\Users\Adems\UselessBot\index.js:2067:20)
    at Client.emit (events.js:326:22)
    at MessageCreateAction.handle (C:\Users\Adems\UselessBot\node_modules\discord.js\src\client\actions\MessageCreate.js:31:14)
    at Object.module.exports [as MESSAGE_CREATE] (C:\Users\Adems\UselessBot\node_modules\discord.js\src\client\websocket\handlers\MESSAGE_CREATE.js:4:32)
    at WebSocketManager.handlePacket (C:\Users\Adems\UselessBot\node_modules\discord.js\src\client\websocket\WebSocketManager.js:384:31)
    at WebSocketShard.onPacket (C:\Users\Adems\UselessBot\node_modules\discord.js\src\client\websocket\WebSocketShard.js:444:22)
Restarting...
Restarting...
Restarting...
Restarting...
Restarting...
Restarting...
Restarting...
Restarting...
Restarting...
Restarting...
Restarting...
Restarting...
Restarting...
Restarting...
Restarting...
Restarting...
Restarting...
Restarting...
